The system is: Darwin - 18.7.0 - x86_64
Compiling the C compiler identification source file "CMakeCCompilerId.c" succeeded.
Compiler: /usr/local/bin/gcc 
Build flags: 
Id flags:  

The output was:
0


Compilation of the C compiler identification source "CMakeCCompilerId.c" produced "a.out"

The C compiler identification is GNU, found in "/Users/yechentide/Documents/CPP/MinecraftTextModifier/cmake-build-debug/CMakeFiles/3.15.3/CompilerIdC/a.out"

Compiling the CXX compiler identification source file "CMakeCXXCompilerId.cpp" succeeded.
Compiler: /usr/local/bin/g++ 
Build flags: 
Id flags:  

The output was:
0


Compilation of the CXX compiler identification source "CMakeCXXCompilerId.cpp" produced "a.out"

The CXX compiler identification is GNU, found in "/Users/yechentide/Documents/CPP/MinecraftTextModifier/cmake-build-debug/CMakeFiles/3.15.3/CompilerIdCXX/a.out"

Determining if the C compiler works passed with the following output:
Change Dir: /Users/yechentide/Documents/CPP/MinecraftTextModifier/cmake-build-debug/CMakeFiles/CMakeTmp

Run Build Command(s):/usr/bin/make cmTC_60c77/fast && /Applications/Xcode.app/Contents/Developer/usr/bin/make -f CMakeFiles/cmTC_60c77.dir/build.make CMakeFiles/cmTC_60c77.dir/build
Building C object CMakeFiles/cmTC_60c77.dir/testCCompiler.c.o
/usr/local/bin/gcc   -isysroot /Applications/Xcode.app/Contents/Developer/Platforms/MacOSX.platform/Developer/SDKs/MacOSX10.15.sdk -mmacosx-version-min=10.14   -o CMakeFiles/cmTC_60c77.dir/testCCompiler.c.o   -c /Users/yechentide/Documents/CPP/MinecraftTextModifier/cmake-build-debug/CMakeFiles/CMakeTmp/testCCompiler.c
Linking C executable cmTC_60c77
"/Users/yechentide/Library/Application Support/JetBrains/Toolbox/apps/CLion/ch-0/193.6494.38/CLion.app/Contents/bin/cmake/mac/bin/cmake" -E cmake_link_script CMakeFiles/cmTC_60c77.dir/link.txt --verbose=1
/usr/local/bin/gcc   -isysroot /Applications/Xcode.app/Contents/Developer/Platforms/MacOSX.platform/Developer/SDKs/MacOSX10.15.sdk -mmacosx-version-min=10.14 -Wl,-search_paths_first -Wl,-headerpad_max_install_names   CMakeFiles/cmTC_60c77.dir/testCCompiler.c.o  -o cmTC_60c77 



Detecting C compiler ABI info compiled with the following output:
Change Dir: /Users/yechentide/Documents/CPP/MinecraftTextModifier/cmake-build-debug/CMakeFiles/CMakeTmp

Run Build Command(s):/usr/bin/make cmTC_7f52f/fast && /Applications/Xcode.app/Contents/Developer/usr/bin/make -f CMakeFiles/cmTC_7f52f.dir/build.make CMakeFiles/cmTC_7f52f.dir/build
Building C object CMakeFiles/cmTC_7f52f.dir/CMakeCCompilerABI.c.o
/usr/local/bin/gcc   -isysroot /Applications/Xcode.app/Contents/Developer/Platforms/MacOSX.platform/Developer/SDKs/MacOSX10.15.sdk -mmacosx-version-min=10.14   -v -Wl,-v -o CMakeFiles/cmTC_7f52f.dir/CMakeCCompilerABI.c.o   -c "/Users/yechentide/Library/Application Support/JetBrains/Toolbox/apps/CLion/ch-0/193.6494.38/CLion.app/Contents/bin/cmake/mac/share/cmake-3.15/Modules/CMakeCCompilerABI.c"
Using built-in specs.
COLLECT_GCC=/usr/local/bin/gcc
Target: x86_64-apple-darwin18
Configured with: ../configure --build=x86_64-apple-darwin18 --prefix=/usr/local/Cellar/gcc/9.3.0 --libdir=/usr/local/Cellar/gcc/9.3.0/lib/gcc/9 --disable-nls --enable-checking=release --enable-languages=c,c++,objc,obj-c++,fortran --program-suffix=-9 --with-gmp=/usr/local/opt/gmp --with-mpfr=/usr/local/opt/mpfr --with-mpc=/usr/local/opt/libmpc --with-isl=/usr/local/opt/isl --with-system-zlib --with-pkgversion='Homebrew GCC 9.3.0' --with-bugurl=https://github.com/Homebrew/homebrew-core/issues --disable-multilib --with-native-system-header-dir=/usr/include --with-sysroot=/Library/Developer/CommandLineTools/SDKs/MacOSX10.14.sdk
Thread model: posix
gcc version 9.3.0 (Homebrew GCC 9.3.0) 
COLLECT_GCC_OPTIONS='-isysroot' '/Applications/Xcode.app/Contents/Developer/Platforms/MacOSX.platform/Developer/SDKs/MacOSX10.15.sdk' '-v' '-o' 'CMakeFiles/cmTC_7f52f.dir/CMakeCCompilerABI.c.o' '-c' '-mmacosx-version-min=10.14' '-asm_macosx_version_min=10.14' '-mtune=core2'
 /usr/local/Cellar/gcc/9.3.0/libexec/gcc/x86_64-apple-darwin18/9.3.0/cc1 -quiet -v -D__DYNAMIC__ -isysroot /Applications/Xcode.app/Contents/Developer/Platforms/MacOSX.platform/Developer/SDKs/MacOSX10.15.sdk /Users/yechentide/Library/Application Support/JetBrains/Toolbox/apps/CLion/ch-0/193.6494.38/CLion.app/Contents/bin/cmake/mac/share/cmake-3.15/Modules/CMakeCCompilerABI.c -fPIC -quiet -dumpbase CMakeCCompilerABI.c -mmacosx-version-min=10.14 -mtune=core2 -auxbase-strip CMakeFiles/cmTC_7f52f.dir/CMakeCCompilerABI.c.o -version -o /var/folders/3p/9qqz9zc11zn7bf3g0jkmxnb80000gn/T//ccxYMS2M.s
GNU C17 (Homebrew GCC 9.3.0) version 9.3.0 (x86_64-apple-darwin18)
	compiled by GNU C version 9.3.0, GMP version 6.2.0, MPFR version 4.0.2, MPC version 1.1.0, isl version isl-0.22.1-GMP

GGC heuristics: --param ggc-min-expand=100 --param ggc-min-heapsize=131072
ignoring nonexistent directory "/Applications/Xcode.app/Contents/Developer/Platforms/MacOSX.platform/Developer/SDKs/MacOSX10.15.sdk/usr/local/include"
ignoring nonexistent directory "/usr/local/Cellar/gcc/9.3.0/lib/gcc/9/gcc/x86_64-apple-darwin18/9.3.0/../../../../../../x86_64-apple-darwin18/include"
ignoring nonexistent directory "/Applications/Xcode.app/Contents/Developer/Platforms/MacOSX.platform/Developer/SDKs/MacOSX10.15.sdk/Library/Frameworks"
#include "..." search starts here:
#include <...> search starts here:
 /usr/local/Cellar/gcc/9.3.0/lib/gcc/9/gcc/x86_64-apple-darwin18/9.3.0/include
 /usr/local/Cellar/gcc/9.3.0/lib/gcc/9/gcc/x86_64-apple-darwin18/9.3.0/include-fixed
 /Applications/Xcode.app/Contents/Developer/Platforms/MacOSX.platform/Developer/SDKs/MacOSX10.15.sdk/usr/include
 /Applications/Xcode.app/Contents/Developer/Platforms/MacOSX.platform/Developer/SDKs/MacOSX10.15.sdk/System/Library/Frameworks
End of search list.
GNU C17 (Homebrew GCC 9.3.0) version 9.3.0 (x86_64-apple-darwin18)
	compiled by GNU C version 9.3.0, GMP version 6.2.0, MPFR version 4.0.2, MPC version 1.1.0, isl version isl-0.22.1-GMP

GGC heuristics: --param ggc-min-expand=100 --param ggc-min-heapsize=131072
Compiler executable checksum: 304e50e2e779d850f4a98c530ddbdf86
COLLECT_GCC_OPTIONS='-isysroot' '/Applications/Xcode.app/Contents/Developer/Platforms/MacOSX.platform/Developer/SDKs/MacOSX10.15.sdk' '-v' '-o' 'CMakeFiles/cmTC_7f52f.dir/CMakeCCompilerABI.c.o' '-c' '-mmacosx-version-min=10.14'  '-mtune=core2'
 as -arch x86_64 -v -force_cpusubtype_ALL -mmacosx-version-min=10.14 -o CMakeFiles/cmTC_7f52f.dir/CMakeCCompilerABI.c.o /var/folders/3p/9qqz9zc11zn7bf3g0jkmxnb80000gn/T//ccxYMS2M.s
Apple clang version 11.0.0 (clang-1100.0.33.17)
Target: x86_64-apple-darwin18.7.0
Thread model: posix
InstalledDir: /Applications/Xcode.app/Contents/Developer/Toolchains/XcodeDefault.xctoolchain/usr/bin
 "/Applications/Xcode.app/Contents/Developer/Toolchains/XcodeDefault.xctoolchain/usr/bin/clang" -cc1as -triple x86_64-apple-macosx10.14.0 -filetype obj -main-file-name ccxYMS2M.s -target-cpu penryn -fdebug-compilation-dir /Users/yechentide/Documents/CPP/MinecraftTextModifier/cmake-build-debug/CMakeFiles/CMakeTmp -dwarf-debug-producer Apple clang version 11.0.0 (clang-1100.0.33.17) -dwarf-version=4 -mrelocation-model pic -o CMakeFiles/cmTC_7f52f.dir/CMakeCCompilerABI.c.o /var/folders/3p/9qqz9zc11zn7bf3g0jkmxnb80000gn/T//ccxYMS2M.s
COMPILER_PATH=/usr/local/Cellar/gcc/9.3.0/libexec/gcc/x86_64-apple-darwin18/9.3.0/:/usr/local/Cellar/gcc/9.3.0/libexec/gcc/x86_64-apple-darwin18/9.3.0/:/usr/local/Cellar/gcc/9.3.0/libexec/gcc/x86_64-apple-darwin18/:/usr/local/Cellar/gcc/9.3.0/lib/gcc/9/gcc/x86_64-apple-darwin18/9.3.0/:/usr/local/Cellar/gcc/9.3.0/lib/gcc/9/gcc/x86_64-apple-darwin18/
LIBRARY_PATH=/usr/local/Cellar/gcc/9.3.0/lib/gcc/9/gcc/x86_64-apple-darwin18/9.3.0/:/usr/local/Cellar/gcc/9.3.0/lib/gcc/9/gcc/x86_64-apple-darwin18/9.3.0/../../../
COLLECT_GCC_OPTIONS='-isysroot' '/Applications/Xcode.app/Contents/Developer/Platforms/MacOSX.platform/Developer/SDKs/MacOSX10.15.sdk' '-v' '-o' 'CMakeFiles/cmTC_7f52f.dir/CMakeCCompilerABI.c.o' '-c' '-mmacosx-version-min=10.14'  '-mtune=core2'
Linking C executable cmTC_7f52f
"/Users/yechentide/Library/Application Support/JetBrains/Toolbox/apps/CLion/ch-0/193.6494.38/CLion.app/Contents/bin/cmake/mac/bin/cmake" -E cmake_link_script CMakeFiles/cmTC_7f52f.dir/link.txt --verbose=1
/usr/local/bin/gcc   -isysroot /Applications/Xcode.app/Contents/Developer/Platforms/MacOSX.platform/Developer/SDKs/MacOSX10.15.sdk -mmacosx-version-min=10.14 -Wl,-search_paths_first -Wl,-headerpad_max_install_names  -v -Wl,-v CMakeFiles/cmTC_7f52f.dir/CMakeCCompilerABI.c.o  -o cmTC_7f52f 
Using built-in specs.
COLLECT_GCC=/usr/local/bin/gcc
COLLECT_LTO_WRAPPER=/usr/local/Cellar/gcc/9.3.0/libexec/gcc/x86_64-apple-darwin18/9.3.0/lto-wrapper
Target: x86_64-apple-darwin18
Configured with: ../configure --build=x86_64-apple-darwin18 --prefix=/usr/local/Cellar/gcc/9.3.0 --libdir=/usr/local/Cellar/gcc/9.3.0/lib/gcc/9 --disable-nls --enable-checking=release --enable-languages=c,c++,objc,obj-c++,fortran --program-suffix=-9 --with-gmp=/usr/local/opt/gmp --with-mpfr=/usr/local/opt/mpfr --with-mpc=/usr/local/opt/libmpc --with-isl=/usr/local/opt/isl --with-system-zlib --with-pkgversion='Homebrew GCC 9.3.0' --with-bugurl=https://github.com/Homebrew/homebrew-core/issues --disable-multilib --with-native-system-header-dir=/usr/include --with-sysroot=/Library/Developer/CommandLineTools/SDKs/MacOSX10.14.sdk
Thread model: posix
gcc version 9.3.0 (Homebrew GCC 9.3.0) 
COMPILER_PATH=/usr/local/Cellar/gcc/9.3.0/libexec/gcc/x86_64-apple-darwin18/9.3.0/:/usr/local/Cellar/gcc/9.3.0/libexec/gcc/x86_64-apple-darwin18/9.3.0/:/usr/local/Cellar/gcc/9.3.0/libexec/gcc/x86_64-apple-darwin18/:/usr/local/Cellar/gcc/9.3.0/lib/gcc/9/gcc/x86_64-apple-darwin18/9.3.0/:/usr/local/Cellar/gcc/9.3.0/lib/gcc/9/gcc/x86_64-apple-darwin18/
LIBRARY_PATH=/usr/local/Cellar/gcc/9.3.0/lib/gcc/9/gcc/x86_64-apple-darwin18/9.3.0/:/usr/local/Cellar/gcc/9.3.0/lib/gcc/9/gcc/x86_64-apple-darwin18/9.3.0/../../../
COLLECT_GCC_OPTIONS='-isysroot' '/Applications/Xcode.app/Contents/Developer/Platforms/MacOSX.platform/Developer/SDKs/MacOSX10.15.sdk' '-v' '-o' 'cmTC_7f52f' '-mmacosx-version-min=10.14' '-asm_macosx_version_min=10.14' '-mtune=core2'
 /usr/local/Cellar/gcc/9.3.0/libexec/gcc/x86_64-apple-darwin18/9.3.0/collect2 -dynamic -arch x86_64 -macosx_version_min 10.14 -syslibroot /Applications/Xcode.app/Contents/Developer/Platforms/MacOSX.platform/Developer/SDKs/MacOSX10.15.sdk -weak_reference_mismatches non-weak -o cmTC_7f52f -L/usr/local/Cellar/gcc/9.3.0/lib/gcc/9/gcc/x86_64-apple-darwin18/9.3.0 -L/usr/local/Cellar/gcc/9.3.0/lib/gcc/9/gcc/x86_64-apple-darwin18/9.3.0/../../.. -search_paths_first -headerpad_max_install_names -v CMakeFiles/cmTC_7f52f.dir/CMakeCCompilerABI.c.o -lSystem -lgcc_ext.10.5 -lgcc -lSystem -no_compact_unwind -v
collect2 version 9.3.0
/usr/bin/ld -dynamic -arch x86_64 -macosx_version_min 10.14 -syslibroot /Applications/Xcode.app/Contents/Developer/Platforms/MacOSX.platform/Developer/SDKs/MacOSX10.15.sdk -weak_reference_mismatches non-weak -o cmTC_7f52f -L/usr/local/Cellar/gcc/9.3.0/lib/gcc/9/gcc/x86_64-apple-darwin18/9.3.0 -L/usr/local/Cellar/gcc/9.3.0/lib/gcc/9/gcc/x86_64-apple-darwin18/9.3.0/../../.. -search_paths_first -headerpad_max_install_names -v CMakeFiles/cmTC_7f52f.dir/CMakeCCompilerABI.c.o -lSystem -lgcc_ext.10.5 -lgcc -lSystem -no_compact_unwind -v
@(#)PROGRAM:ld  PROJECT:ld64-530
BUILD 18:57:17 Dec 13 2019
configured to support archs: armv6 armv7 armv7s arm64 arm64e arm64_32 i386 x86_64 x86_64h armv6m armv7k armv7m armv7em
@(#)PROGRAM:ld  PROJECT:ld64-530
BUILD 18:57:17 Dec 13 2019
configured to support archs: armv6 armv7 armv7s arm64 arm64e arm64_32 i386 x86_64 x86_64h armv6m armv7k armv7m armv7em
Library search paths:
	/usr/local/Cellar/gcc/9.3.0/lib/gcc/9/gcc/x86_64-apple-darwin18/9.3.0
	/usr/local/Cellar/gcc/9.3.0/lib/gcc/9
	/Applications/Xcode.app/Contents/Developer/Platforms/MacOSX.platform/Developer/SDKs/MacOSX10.15.sdk/usr/lib
Framework search paths:
	/Applications/Xcode.app/Contents/Developer/Platforms/MacOSX.platform/Developer/SDKs/MacOSX10.15.sdk/System/Library/Frameworks/



Parsed C implicit include dir info from above output: rv=done
  found start of include info
  found start of implicit include info
    add: [/usr/local/Cellar/gcc/9.3.0/lib/gcc/9/gcc/x86_64-apple-darwin18/9.3.0/include]
    add: [/usr/local/Cellar/gcc/9.3.0/lib/gcc/9/gcc/x86_64-apple-darwin18/9.3.0/include-fixed]
    add: [/Applications/Xcode.app/Contents/Developer/Platforms/MacOSX.platform/Developer/SDKs/MacOSX10.15.sdk/usr/include]
    add: [/Applications/Xcode.app/Contents/Developer/Platforms/MacOSX.platform/Developer/SDKs/MacOSX10.15.sdk/System/Library/Frameworks]
  end of search list found
  collapse include dir [/usr/local/Cellar/gcc/9.3.0/lib/gcc/9/gcc/x86_64-apple-darwin18/9.3.0/include] ==> [/usr/local/Cellar/gcc/9.3.0/lib/gcc/9/gcc/x86_64-apple-darwin18/9.3.0/include]
  collapse include dir [/usr/local/Cellar/gcc/9.3.0/lib/gcc/9/gcc/x86_64-apple-darwin18/9.3.0/include-fixed] ==> [/usr/local/Cellar/gcc/9.3.0/lib/gcc/9/gcc/x86_64-apple-darwin18/9.3.0/include-fixed]
  collapse include dir [/Applications/Xcode.app/Contents/Developer/Platforms/MacOSX.platform/Developer/SDKs/MacOSX10.15.sdk/usr/include] ==> [/Applications/Xcode.app/Contents/Developer/Platforms/MacOSX.platform/Developer/SDKs/MacOSX10.15.sdk/usr/include]
  collapse include dir [/Applications/Xcode.app/Contents/Developer/Platforms/MacOSX.platform/Developer/SDKs/MacOSX10.15.sdk/System/Library/Frameworks] ==> [/Applications/Xcode.app/Contents/Developer/Platforms/MacOSX.platform/Developer/SDKs/MacOSX10.15.sdk/System/Library/Frameworks]
  implicit include dirs: [/usr/local/Cellar/gcc/9.3.0/lib/gcc/9/gcc/x86_64-apple-darwin18/9.3.0/include;/usr/local/Cellar/gcc/9.3.0/lib/gcc/9/gcc/x86_64-apple-darwin18/9.3.0/include-fixed;/Applications/Xcode.app/Contents/Developer/Platforms/MacOSX.platform/Developer/SDKs/MacOSX10.15.sdk/usr/include;/Applications/Xcode.app/Contents/Developer/Platforms/MacOSX.platform/Developer/SDKs/MacOSX10.15.sdk/System/Library/Frameworks]


Parsed C implicit link information from above output:
  link line regex: [^( *|.*[/\])(ld|CMAKE_LINK_STARTFILE-NOTFOUND|([^/\]+-)?ld|collect2)[^/\]*( |$)]
  ignore line: [Change Dir: /Users/yechentide/Documents/CPP/MinecraftTextModifier/cmake-build-debug/CMakeFiles/CMakeTmp]
  ignore line: []
  ignore line: [Run Build Command(s):/usr/bin/make cmTC_7f52f/fast && /Applications/Xcode.app/Contents/Developer/usr/bin/make -f CMakeFiles/cmTC_7f52f.dir/build.make CMakeFiles/cmTC_7f52f.dir/build]
  ignore line: [Building C object CMakeFiles/cmTC_7f52f.dir/CMakeCCompilerABI.c.o]
  ignore line: [/usr/local/bin/gcc   -isysroot /Applications/Xcode.app/Contents/Developer/Platforms/MacOSX.platform/Developer/SDKs/MacOSX10.15.sdk -mmacosx-version-min=10.14   -v -Wl,-v -o CMakeFiles/cmTC_7f52f.dir/CMakeCCompilerABI.c.o   -c "/Users/yechentide/Library/Application Support/JetBrains/Toolbox/apps/CLion/ch-0/193.6494.38/CLion.app/Contents/bin/cmake/mac/share/cmake-3.15/Modules/CMakeCCompilerABI.c"]
  ignore line: [Using built-in specs.]
  ignore line: [COLLECT_GCC=/usr/local/bin/gcc]
  ignore line: [Target: x86_64-apple-darwin18]
  ignore line: [Configured with: ../configure --build=x86_64-apple-darwin18 --prefix=/usr/local/Cellar/gcc/9.3.0 --libdir=/usr/local/Cellar/gcc/9.3.0/lib/gcc/9 --disable-nls --enable-checking=release --enable-languages=c,c++,objc,obj-c++,fortran --program-suffix=-9 --with-gmp=/usr/local/opt/gmp --with-mpfr=/usr/local/opt/mpfr --with-mpc=/usr/local/opt/libmpc --with-isl=/usr/local/opt/isl --with-system-zlib --with-pkgversion='Homebrew GCC 9.3.0' --with-bugurl=https://github.com/Homebrew/homebrew-core/issues --disable-multilib --with-native-system-header-dir=/usr/include --with-sysroot=/Library/Developer/CommandLineTools/SDKs/MacOSX10.14.sdk]
  ignore line: [Thread model: posix]
  ignore line: [gcc version 9.3.0 (Homebrew GCC 9.3.0) ]
  ignore line: [COLLECT_GCC_OPTIONS='-isysroot' '/Applications/Xcode.app/Contents/Developer/Platforms/MacOSX.platform/Developer/SDKs/MacOSX10.15.sdk' '-v' '-o' 'CMakeFiles/cmTC_7f52f.dir/CMakeCCompilerABI.c.o' '-c' '-mmacosx-version-min=10.14' '-asm_macosx_version_min=10.14' '-mtune=core2']
  ignore line: [ /usr/local/Cellar/gcc/9.3.0/libexec/gcc/x86_64-apple-darwin18/9.3.0/cc1 -quiet -v -D__DYNAMIC__ -isysroot /Applications/Xcode.app/Contents/Developer/Platforms/MacOSX.platform/Developer/SDKs/MacOSX10.15.sdk /Users/yechentide/Library/Application Support/JetBrains/Toolbox/apps/CLion/ch-0/193.6494.38/CLion.app/Contents/bin/cmake/mac/share/cmake-3.15/Modules/CMakeCCompilerABI.c -fPIC -quiet -dumpbase CMakeCCompilerABI.c -mmacosx-version-min=10.14 -mtune=core2 -auxbase-strip CMakeFiles/cmTC_7f52f.dir/CMakeCCompilerABI.c.o -version -o /var/folders/3p/9qqz9zc11zn7bf3g0jkmxnb80000gn/T//ccxYMS2M.s]
  ignore line: [GNU C17 (Homebrew GCC 9.3.0) version 9.3.0 (x86_64-apple-darwin18)]
  ignore line: [	compiled by GNU C version 9.3.0, GMP version 6.2.0, MPFR version 4.0.2, MPC version 1.1.0, isl version isl-0.22.1-GMP]
  ignore line: []
  ignore line: [GGC heuristics: --param ggc-min-expand=100 --param ggc-min-heapsize=131072]
  ignore line: [ignoring nonexistent directory "/Applications/Xcode.app/Contents/Developer/Platforms/MacOSX.platform/Developer/SDKs/MacOSX10.15.sdk/usr/local/include"]
  ignore line: [ignoring nonexistent directory "/usr/local/Cellar/gcc/9.3.0/lib/gcc/9/gcc/x86_64-apple-darwin18/9.3.0/../../../../../../x86_64-apple-darwin18/include"]
  ignore line: [ignoring nonexistent directory "/Applications/Xcode.app/Contents/Developer/Platforms/MacOSX.platform/Developer/SDKs/MacOSX10.15.sdk/Library/Frameworks"]
  ignore line: [#include "..." search starts here:]
  ignore line: [#include <...> search starts here:]
  ignore line: [ /usr/local/Cellar/gcc/9.3.0/lib/gcc/9/gcc/x86_64-apple-darwin18/9.3.0/include]
  ignore line: [ /usr/local/Cellar/gcc/9.3.0/lib/gcc/9/gcc/x86_64-apple-darwin18/9.3.0/include-fixed]
  ignore line: [ /Applications/Xcode.app/Contents/Developer/Platforms/MacOSX.platform/Developer/SDKs/MacOSX10.15.sdk/usr/include]
  ignore line: [ /Applications/Xcode.app/Contents/Developer/Platforms/MacOSX.platform/Developer/SDKs/MacOSX10.15.sdk/System/Library/Frameworks]
  ignore line: [End of search list.]
  ignore line: [GNU C17 (Homebrew GCC 9.3.0) version 9.3.0 (x86_64-apple-darwin18)]
  ignore line: [	compiled by GNU C version 9.3.0, GMP version 6.2.0, MPFR version 4.0.2, MPC version 1.1.0, isl version isl-0.22.1-GMP]
  ignore line: []
  ignore line: [GGC heuristics: --param ggc-min-expand=100 --param ggc-min-heapsize=131072]
  ignore line: [Compiler executable checksum: 304e50e2e779d850f4a98c530ddbdf86]
  ignore line: [COLLECT_GCC_OPTIONS='-isysroot' '/Applications/Xcode.app/Contents/Developer/Platforms/MacOSX.platform/Developer/SDKs/MacOSX10.15.sdk' '-v' '-o' 'CMakeFiles/cmTC_7f52f.dir/CMakeCCompilerABI.c.o' '-c' '-mmacosx-version-min=10.14'  '-mtune=core2']
  ignore line: [ as -arch x86_64 -v -force_cpusubtype_ALL -mmacosx-version-min=10.14 -o CMakeFiles/cmTC_7f52f.dir/CMakeCCompilerABI.c.o /var/folders/3p/9qqz9zc11zn7bf3g0jkmxnb80000gn/T//ccxYMS2M.s]
  ignore line: [Apple clang version 11.0.0 (clang-1100.0.33.17)]
  ignore line: [Target: x86_64-apple-darwin18.7.0]
  ignore line: [Thread model: posix]
  ignore line: [InstalledDir: /Applications/Xcode.app/Contents/Developer/Toolchains/XcodeDefault.xctoolchain/usr/bin]
  ignore line: [ "/Applications/Xcode.app/Contents/Developer/Toolchains/XcodeDefault.xctoolchain/usr/bin/clang" -cc1as -triple x86_64-apple-macosx10.14.0 -filetype obj -main-file-name ccxYMS2M.s -target-cpu penryn -fdebug-compilation-dir /Users/yechentide/Documents/CPP/MinecraftTextModifier/cmake-build-debug/CMakeFiles/CMakeTmp -dwarf-debug-producer Apple clang version 11.0.0 (clang-1100.0.33.17) -dwarf-version=4 -mrelocation-model pic -o CMakeFiles/cmTC_7f52f.dir/CMakeCCompilerABI.c.o /var/folders/3p/9qqz9zc11zn7bf3g0jkmxnb80000gn/T//ccxYMS2M.s]
  ignore line: [COMPILER_PATH=/usr/local/Cellar/gcc/9.3.0/libexec/gcc/x86_64-apple-darwin18/9.3.0/:/usr/local/Cellar/gcc/9.3.0/libexec/gcc/x86_64-apple-darwin18/9.3.0/:/usr/local/Cellar/gcc/9.3.0/libexec/gcc/x86_64-apple-darwin18/:/usr/local/Cellar/gcc/9.3.0/lib/gcc/9/gcc/x86_64-apple-darwin18/9.3.0/:/usr/local/Cellar/gcc/9.3.0/lib/gcc/9/gcc/x86_64-apple-darwin18/]
  ignore line: [LIBRARY_PATH=/usr/local/Cellar/gcc/9.3.0/lib/gcc/9/gcc/x86_64-apple-darwin18/9.3.0/:/usr/local/Cellar/gcc/9.3.0/lib/gcc/9/gcc/x86_64-apple-darwin18/9.3.0/../../../]
  ignore line: [COLLECT_GCC_OPTIONS='-isysroot' '/Applications/Xcode.app/Contents/Developer/Platforms/MacOSX.platform/Developer/SDKs/MacOSX10.15.sdk' '-v' '-o' 'CMakeFiles/cmTC_7f52f.dir/CMakeCCompilerABI.c.o' '-c' '-mmacosx-version-min=10.14'  '-mtune=core2']
  ignore line: [Linking C executable cmTC_7f52f]
  ignore line: ["/Users/yechentide/Library/Application Support/JetBrains/Toolbox/apps/CLion/ch-0/193.6494.38/CLion.app/Contents/bin/cmake/mac/bin/cmake" -E cmake_link_script CMakeFiles/cmTC_7f52f.dir/link.txt --verbose=1]
  ignore line: [/usr/local/bin/gcc   -isysroot /Applications/Xcode.app/Contents/Developer/Platforms/MacOSX.platform/Developer/SDKs/MacOSX10.15.sdk -mmacosx-version-min=10.14 -Wl,-search_paths_first -Wl,-headerpad_max_install_names  -v -Wl,-v CMakeFiles/cmTC_7f52f.dir/CMakeCCompilerABI.c.o  -o cmTC_7f52f ]
  ignore line: [Using built-in specs.]
  ignore line: [COLLECT_GCC=/usr/local/bin/gcc]
  ignore line: [COLLECT_LTO_WRAPPER=/usr/local/Cellar/gcc/9.3.0/libexec/gcc/x86_64-apple-darwin18/9.3.0/lto-wrapper]
  ignore line: [Target: x86_64-apple-darwin18]
  ignore line: [Configured with: ../configure --build=x86_64-apple-darwin18 --prefix=/usr/local/Cellar/gcc/9.3.0 --libdir=/usr/local/Cellar/gcc/9.3.0/lib/gcc/9 --disable-nls --enable-checking=release --enable-languages=c,c++,objc,obj-c++,fortran --program-suffix=-9 --with-gmp=/usr/local/opt/gmp --with-mpfr=/usr/local/opt/mpfr --with-mpc=/usr/local/opt/libmpc --with-isl=/usr/local/opt/isl --with-system-zlib --with-pkgversion='Homebrew GCC 9.3.0' --with-bugurl=https://github.com/Homebrew/homebrew-core/issues --disable-multilib --with-native-system-header-dir=/usr/include --with-sysroot=/Library/Developer/CommandLineTools/SDKs/MacOSX10.14.sdk]
  ignore line: [Thread model: posix]
  ignore line: [gcc version 9.3.0 (Homebrew GCC 9.3.0) ]
  ignore line: [COMPILER_PATH=/usr/local/Cellar/gcc/9.3.0/libexec/gcc/x86_64-apple-darwin18/9.3.0/:/usr/local/Cellar/gcc/9.3.0/libexec/gcc/x86_64-apple-darwin18/9.3.0/:/usr/local/Cellar/gcc/9.3.0/libexec/gcc/x86_64-apple-darwin18/:/usr/local/Cellar/gcc/9.3.0/lib/gcc/9/gcc/x86_64-apple-darwin18/9.3.0/:/usr/local/Cellar/gcc/9.3.0/lib/gcc/9/gcc/x86_64-apple-darwin18/]
  ignore line: [LIBRARY_PATH=/usr/local/Cellar/gcc/9.3.0/lib/gcc/9/gcc/x86_64-apple-darwin18/9.3.0/:/usr/local/Cellar/gcc/9.3.0/lib/gcc/9/gcc/x86_64-apple-darwin18/9.3.0/../../../]
  ignore line: [COLLECT_GCC_OPTIONS='-isysroot' '/Applications/Xcode.app/Contents/Developer/Platforms/MacOSX.platform/Developer/SDKs/MacOSX10.15.sdk' '-v' '-o' 'cmTC_7f52f' '-mmacosx-version-min=10.14' '-asm_macosx_version_min=10.14' '-mtune=core2']
  link line: [ /usr/local/Cellar/gcc/9.3.0/libexec/gcc/x86_64-apple-darwin18/9.3.0/collect2 -dynamic -arch x86_64 -macosx_version_min 10.14 -syslibroot /Applications/Xcode.app/Contents/Developer/Platforms/MacOSX.platform/Developer/SDKs/MacOSX10.15.sdk -weak_reference_mismatches non-weak -o cmTC_7f52f -L/usr/local/Cellar/gcc/9.3.0/lib/gcc/9/gcc/x86_64-apple-darwin18/9.3.0 -L/usr/local/Cellar/gcc/9.3.0/lib/gcc/9/gcc/x86_64-apple-darwin18/9.3.0/../../.. -search_paths_first -headerpad_max_install_names -v CMakeFiles/cmTC_7f52f.dir/CMakeCCompilerABI.c.o -lSystem -lgcc_ext.10.5 -lgcc -lSystem -no_compact_unwind -v]
    arg [/usr/local/Cellar/gcc/9.3.0/libexec/gcc/x86_64-apple-darwin18/9.3.0/collect2] ==> ignore
    arg [-dynamic] ==> ignore
    arg [-arch] ==> ignore
    arg [x86_64] ==> ignore
    arg [-macosx_version_min] ==> ignore
    arg [10.14] ==> ignore
    arg [-syslibroot] ==> ignore
    arg [/Applications/Xcode.app/Contents/Developer/Platforms/MacOSX.platform/Developer/SDKs/MacOSX10.15.sdk] ==> ignore
    arg [-weak_reference_mismatches] ==> ignore
    arg [non-weak] ==> ignore
    arg [-o] ==> ignore
    arg [cmTC_7f52f] ==> ignore
    arg [-L/usr/local/Cellar/gcc/9.3.0/lib/gcc/9/gcc/x86_64-apple-darwin18/9.3.0] ==> dir [/usr/local/Cellar/gcc/9.3.0/lib/gcc/9/gcc/x86_64-apple-darwin18/9.3.0]
    arg [-L/usr/local/Cellar/gcc/9.3.0/lib/gcc/9/gcc/x86_64-apple-darwin18/9.3.0/../../..] ==> dir [/usr/local/Cellar/gcc/9.3.0/lib/gcc/9/gcc/x86_64-apple-darwin18/9.3.0/../../..]
    arg [-search_paths_first] ==> ignore
    arg [-headerpad_max_install_names] ==> ignore
    arg [-v] ==> ignore
    arg [CMakeFiles/cmTC_7f52f.dir/CMakeCCompilerABI.c.o] ==> ignore
    arg [-lSystem] ==> lib [System]
    arg [-lgcc_ext.10.5] ==> lib [gcc_ext.10.5]
    arg [-lgcc] ==> lib [gcc]
    arg [-lSystem] ==> lib [System]
    arg [-no_compact_unwind] ==> ignore
    arg [-v] ==> ignore
  Library search paths: [;/usr/local/Cellar/gcc/9.3.0/lib/gcc/9/gcc/x86_64-apple-darwin18/9.3.0;/usr/local/Cellar/gcc/9.3.0/lib/gcc/9;/Applications/Xcode.app/Contents/Developer/Platforms/MacOSX.platform/Developer/SDKs/MacOSX10.15.sdk/usr/lib]
  Framework search paths: [;/Applications/Xcode.app/Contents/Developer/Platforms/MacOSX.platform/Developer/SDKs/MacOSX10.15.sdk/System/Library/Frameworks/]
  remove lib [System]
  remove lib [System]
  collapse library dir [/usr/local/Cellar/gcc/9.3.0/lib/gcc/9/gcc/x86_64-apple-darwin18/9.3.0] ==> [/usr/local/Cellar/gcc/9.3.0/lib/gcc/9/gcc/x86_64-apple-darwin18/9.3.0]
  collapse library dir [/usr/local/Cellar/gcc/9.3.0/lib/gcc/9/gcc/x86_64-apple-darwin18/9.3.0/../../..] ==> [/usr/local/Cellar/gcc/9.3.0/lib/gcc/9]
  collapse library dir [/usr/local/Cellar/gcc/9.3.0/lib/gcc/9/gcc/x86_64-apple-darwin18/9.3.0] ==> [/usr/local/Cellar/gcc/9.3.0/lib/gcc/9/gcc/x86_64-apple-darwin18/9.3.0]
  collapse library dir [/usr/local/Cellar/gcc/9.3.0/lib/gcc/9] ==> [/usr/local/Cellar/gcc/9.3.0/lib/gcc/9]
  collapse library dir [/Applications/Xcode.app/Contents/Developer/Platforms/MacOSX.platform/Developer/SDKs/MacOSX10.15.sdk/usr/lib] ==> [/Applications/Xcode.app/Contents/Developer/Platforms/MacOSX.platform/Developer/SDKs/MacOSX10.15.sdk/usr/lib]
  collapse framework dir [/Applications/Xcode.app/Contents/Developer/Platforms/MacOSX.platform/Developer/SDKs/MacOSX10.15.sdk/System/Library/Frameworks/] ==> [/Applications/Xcode.app/Contents/Developer/Platforms/MacOSX.platform/Developer/SDKs/MacOSX10.15.sdk/System/Library/Frameworks]
  implicit libs: [gcc_ext.10.5;gcc]
  implicit dirs: [/usr/local/Cellar/gcc/9.3.0/lib/gcc/9/gcc/x86_64-apple-darwin18/9.3.0;/usr/local/Cellar/gcc/9.3.0/lib/gcc/9;/Applications/Xcode.app/Contents/Developer/Platforms/MacOSX.platform/Developer/SDKs/MacOSX10.15.sdk/usr/lib]
  implicit fwks: [/Applications/Xcode.app/Contents/Developer/Platforms/MacOSX.platform/Developer/SDKs/MacOSX10.15.sdk/System/Library/Frameworks]


Determining if the CXX compiler works passed with the following output:
Change Dir: /Users/yechentide/Documents/CPP/MinecraftTextModifier/cmake-build-debug/CMakeFiles/CMakeTmp

Run Build Command(s):/usr/bin/make cmTC_056af/fast && /Applications/Xcode.app/Contents/Developer/usr/bin/make -f CMakeFiles/cmTC_056af.dir/build.make CMakeFiles/cmTC_056af.dir/build
Building CXX object CMakeFiles/cmTC_056af.dir/testCXXCompiler.cxx.o
/usr/local/bin/g++    -isysroot /Applications/Xcode.app/Contents/Developer/Platforms/MacOSX.platform/Developer/SDKs/MacOSX10.15.sdk -mmacosx-version-min=10.14   -o CMakeFiles/cmTC_056af.dir/testCXXCompiler.cxx.o -c /Users/yechentide/Documents/CPP/MinecraftTextModifier/cmake-build-debug/CMakeFiles/CMakeTmp/testCXXCompiler.cxx
Linking CXX executable cmTC_056af
"/Users/yechentide/Library/Application Support/JetBrains/Toolbox/apps/CLion/ch-0/193.6494.38/CLion.app/Contents/bin/cmake/mac/bin/cmake" -E cmake_link_script CMakeFiles/cmTC_056af.dir/link.txt --verbose=1
/usr/local/bin/g++    -isysroot /Applications/Xcode.app/Contents/Developer/Platforms/MacOSX.platform/Developer/SDKs/MacOSX10.15.sdk -mmacosx-version-min=10.14 -Wl,-search_paths_first -Wl,-headerpad_max_install_names   CMakeFiles/cmTC_056af.dir/testCXXCompiler.cxx.o  -o cmTC_056af 



Detecting CXX compiler ABI info compiled with the following output:
Change Dir: /Users/yechentide/Documents/CPP/MinecraftTextModifier/cmake-build-debug/CMakeFiles/CMakeTmp

Run Build Command(s):/usr/bin/make cmTC_03a1f/fast && /Applications/Xcode.app/Contents/Developer/usr/bin/make -f CMakeFiles/cmTC_03a1f.dir/build.make CMakeFiles/cmTC_03a1f.dir/build
Building CXX object CMakeFiles/cmTC_03a1f.dir/CMakeCXXCompilerABI.cpp.o
/usr/local/bin/g++    -isysroot /Applications/Xcode.app/Contents/Developer/Platforms/MacOSX.platform/Developer/SDKs/MacOSX10.15.sdk -mmacosx-version-min=10.14   -v -Wl,-v -o CMakeFiles/cmTC_03a1f.dir/CMakeCXXCompilerABI.cpp.o -c "/Users/yechentide/Library/Application Support/JetBrains/Toolbox/apps/CLion/ch-0/193.6494.38/CLion.app/Contents/bin/cmake/mac/share/cmake-3.15/Modules/CMakeCXXCompilerABI.cpp"
Using built-in specs.
COLLECT_GCC=/usr/local/bin/g++
Target: x86_64-apple-darwin18
Configured with: ../configure --build=x86_64-apple-darwin18 --prefix=/usr/local/Cellar/gcc/9.3.0 --libdir=/usr/local/Cellar/gcc/9.3.0/lib/gcc/9 --disable-nls --enable-checking=release --enable-languages=c,c++,objc,obj-c++,fortran --program-suffix=-9 --with-gmp=/usr/local/opt/gmp --with-mpfr=/usr/local/opt/mpfr --with-mpc=/usr/local/opt/libmpc --with-isl=/usr/local/opt/isl --with-system-zlib --with-pkgversion='Homebrew GCC 9.3.0' --with-bugurl=https://github.com/Homebrew/homebrew-core/issues --disable-multilib --with-native-system-header-dir=/usr/include --with-sysroot=/Library/Developer/CommandLineTools/SDKs/MacOSX10.14.sdk
Thread model: posix
gcc version 9.3.0 (Homebrew GCC 9.3.0) 
COLLECT_GCC_OPTIONS='-isysroot' '/Applications/Xcode.app/Contents/Developer/Platforms/MacOSX.platform/Developer/SDKs/MacOSX10.15.sdk' '-v' '-o' 'CMakeFiles/cmTC_03a1f.dir/CMakeCXXCompilerABI.cpp.o' '-c' '-mmacosx-version-min=10.14' '-asm_macosx_version_min=10.14' '-shared-libgcc' '-mtune=core2'
 /usr/local/Cellar/gcc/9.3.0/libexec/gcc/x86_64-apple-darwin18/9.3.0/cc1plus -quiet -v -D__DYNAMIC__ -isysroot /Applications/Xcode.app/Contents/Developer/Platforms/MacOSX.platform/Developer/SDKs/MacOSX10.15.sdk /Users/yechentide/Library/Application Support/JetBrains/Toolbox/apps/CLion/ch-0/193.6494.38/CLion.app/Contents/bin/cmake/mac/share/cmake-3.15/Modules/CMakeCXXCompilerABI.cpp -fPIC -quiet -dumpbase CMakeCXXCompilerABI.cpp -mmacosx-version-min=10.14 -mtune=core2 -auxbase-strip CMakeFiles/cmTC_03a1f.dir/CMakeCXXCompilerABI.cpp.o -version -o /var/folders/3p/9qqz9zc11zn7bf3g0jkmxnb80000gn/T//ccTB51Ro.s
GNU C++14 (Homebrew GCC 9.3.0) version 9.3.0 (x86_64-apple-darwin18)
	compiled by GNU C version 9.3.0, GMP version 6.2.0, MPFR version 4.0.2, MPC version 1.1.0, isl version isl-0.22.1-GMP

GGC heuristics: --param ggc-min-expand=100 --param ggc-min-heapsize=131072
ignoring nonexistent directory "/Applications/Xcode.app/Contents/Developer/Platforms/MacOSX.platform/Developer/SDKs/MacOSX10.15.sdk/usr/local/include"
ignoring nonexistent directory "/usr/local/Cellar/gcc/9.3.0/lib/gcc/9/gcc/x86_64-apple-darwin18/9.3.0/../../../../../../x86_64-apple-darwin18/include"
ignoring nonexistent directory "/Applications/Xcode.app/Contents/Developer/Platforms/MacOSX.platform/Developer/SDKs/MacOSX10.15.sdk/Library/Frameworks"
#include "..." search starts here:
#include <...> search starts here:
 /usr/local/Cellar/gcc/9.3.0/lib/gcc/9/gcc/x86_64-apple-darwin18/9.3.0/../../../../../../include/c++/9.3.0
 /usr/local/Cellar/gcc/9.3.0/lib/gcc/9/gcc/x86_64-apple-darwin18/9.3.0/../../../../../../include/c++/9.3.0/x86_64-apple-darwin18
 /usr/local/Cellar/gcc/9.3.0/lib/gcc/9/gcc/x86_64-apple-darwin18/9.3.0/../../../../../../include/c++/9.3.0/backward
 /usr/local/Cellar/gcc/9.3.0/lib/gcc/9/gcc/x86_64-apple-darwin18/9.3.0/include
 /usr/local/Cellar/gcc/9.3.0/lib/gcc/9/gcc/x86_64-apple-darwin18/9.3.0/include-fixed
 /Applications/Xcode.app/Contents/Developer/Platforms/MacOSX.platform/Developer/SDKs/MacOSX10.15.sdk/usr/include
 /Applications/Xcode.app/Contents/Developer/Platforms/MacOSX.platform/Developer/SDKs/MacOSX10.15.sdk/System/Library/Frameworks
End of search list.
GNU C++14 (Homebrew GCC 9.3.0) version 9.3.0 (x86_64-apple-darwin18)
	compiled by GNU C version 9.3.0, GMP version 6.2.0, MPFR version 4.0.2, MPC version 1.1.0, isl version isl-0.22.1-GMP

GGC heuristics: --param ggc-min-expand=100 --param ggc-min-heapsize=131072
Compiler executable checksum: 3b76ad7185f12a222e70aceba32be0f8
COLLECT_GCC_OPTIONS='-isysroot' '/Applications/Xcode.app/Contents/Developer/Platforms/MacOSX.platform/Developer/SDKs/MacOSX10.15.sdk' '-v' '-o' 'CMakeFiles/cmTC_03a1f.dir/CMakeCXXCompilerABI.cpp.o' '-c' '-mmacosx-version-min=10.14'  '-shared-libgcc' '-mtune=core2'
 as -arch x86_64 -v -force_cpusubtype_ALL -mmacosx-version-min=10.14 -o CMakeFiles/cmTC_03a1f.dir/CMakeCXXCompilerABI.cpp.o /var/folders/3p/9qqz9zc11zn7bf3g0jkmxnb80000gn/T//ccTB51Ro.s
Apple clang version 11.0.0 (clang-1100.0.33.17)
Target: x86_64-apple-darwin18.7.0
Thread model: posix
InstalledDir: /Applications/Xcode.app/Contents/Developer/Toolchains/XcodeDefault.xctoolchain/usr/bin
 "/Applications/Xcode.app/Contents/Developer/Toolchains/XcodeDefault.xctoolchain/usr/bin/clang" -cc1as -triple x86_64-apple-macosx10.14.0 -filetype obj -main-file-name ccTB51Ro.s -target-cpu penryn -fdebug-compilation-dir /Users/yechentide/Documents/CPP/MinecraftTextModifier/cmake-build-debug/CMakeFiles/CMakeTmp -dwarf-debug-producer Apple clang version 11.0.0 (clang-1100.0.33.17) -dwarf-version=4 -mrelocation-model pic -o CMakeFiles/cmTC_03a1f.dir/CMakeCXXCompilerABI.cpp.o /var/folders/3p/9qqz9zc11zn7bf3g0jkmxnb80000gn/T//ccTB51Ro.s
COMPILER_PATH=/usr/local/Cellar/gcc/9.3.0/libexec/gcc/x86_64-apple-darwin18/9.3.0/:/usr/local/Cellar/gcc/9.3.0/libexec/gcc/x86_64-apple-darwin18/9.3.0/:/usr/local/Cellar/gcc/9.3.0/libexec/gcc/x86_64-apple-darwin18/:/usr/local/Cellar/gcc/9.3.0/lib/gcc/9/gcc/x86_64-apple-darwin18/9.3.0/:/usr/local/Cellar/gcc/9.3.0/lib/gcc/9/gcc/x86_64-apple-darwin18/
LIBRARY_PATH=/usr/local/Cellar/gcc/9.3.0/lib/gcc/9/gcc/x86_64-apple-darwin18/9.3.0/:/usr/local/Cellar/gcc/9.3.0/lib/gcc/9/gcc/x86_64-apple-darwin18/9.3.0/../../../
COLLECT_GCC_OPTIONS='-isysroot' '/Applications/Xcode.app/Contents/Developer/Platforms/MacOSX.platform/Developer/SDKs/MacOSX10.15.sdk' '-v' '-o' 'CMakeFiles/cmTC_03a1f.dir/CMakeCXXCompilerABI.cpp.o' '-c' '-mmacosx-version-min=10.14'  '-shared-libgcc' '-mtune=core2'
Linking CXX executable cmTC_03a1f
"/Users/yechentide/Library/Application Support/JetBrains/Toolbox/apps/CLion/ch-0/193.6494.38/CLion.app/Contents/bin/cmake/mac/bin/cmake" -E cmake_link_script CMakeFiles/cmTC_03a1f.dir/link.txt --verbose=1
/usr/local/bin/g++    -isysroot /Applications/Xcode.app/Contents/Developer/Platforms/MacOSX.platform/Developer/SDKs/MacOSX10.15.sdk -mmacosx-version-min=10.14 -Wl,-search_paths_first -Wl,-headerpad_max_install_names  -v -Wl,-v CMakeFiles/cmTC_03a1f.dir/CMakeCXXCompilerABI.cpp.o  -o cmTC_03a1f 
Using built-in specs.
COLLECT_GCC=/usr/local/bin/g++
COLLECT_LTO_WRAPPER=/usr/local/Cellar/gcc/9.3.0/libexec/gcc/x86_64-apple-darwin18/9.3.0/lto-wrapper
Target: x86_64-apple-darwin18
Configured with: ../configure --build=x86_64-apple-darwin18 --prefix=/usr/local/Cellar/gcc/9.3.0 --libdir=/usr/local/Cellar/gcc/9.3.0/lib/gcc/9 --disable-nls --enable-checking=release --enable-languages=c,c++,objc,obj-c++,fortran --program-suffix=-9 --with-gmp=/usr/local/opt/gmp --with-mpfr=/usr/local/opt/mpfr --with-mpc=/usr/local/opt/libmpc --with-isl=/usr/local/opt/isl --with-system-zlib --with-pkgversion='Homebrew GCC 9.3.0' --with-bugurl=https://github.com/Homebrew/homebrew-core/issues --disable-multilib --with-native-system-header-dir=/usr/include --with-sysroot=/Library/Developer/CommandLineTools/SDKs/MacOSX10.14.sdk
Thread model: posix
gcc version 9.3.0 (Homebrew GCC 9.3.0) 
COMPILER_PATH=/usr/local/Cellar/gcc/9.3.0/libexec/gcc/x86_64-apple-darwin18/9.3.0/:/usr/local/Cellar/gcc/9.3.0/libexec/gcc/x86_64-apple-darwin18/9.3.0/:/usr/local/Cellar/gcc/9.3.0/libexec/gcc/x86_64-apple-darwin18/:/usr/local/Cellar/gcc/9.3.0/lib/gcc/9/gcc/x86_64-apple-darwin18/9.3.0/:/usr/local/Cellar/gcc/9.3.0/lib/gcc/9/gcc/x86_64-apple-darwin18/
LIBRARY_PATH=/usr/local/Cellar/gcc/9.3.0/lib/gcc/9/gcc/x86_64-apple-darwin18/9.3.0/:/usr/local/Cellar/gcc/9.3.0/lib/gcc/9/gcc/x86_64-apple-darwin18/9.3.0/../../../
COLLECT_GCC_OPTIONS='-isysroot' '/Applications/Xcode.app/Contents/Developer/Platforms/MacOSX.platform/Developer/SDKs/MacOSX10.15.sdk' '-v' '-o' 'cmTC_03a1f' '-mmacosx-version-min=10.14' '-asm_macosx_version_min=10.14' '-shared-libgcc' '-mtune=core2'
 /usr/local/Cellar/gcc/9.3.0/libexec/gcc/x86_64-apple-darwin18/9.3.0/collect2 -dynamic -arch x86_64 -macosx_version_min 10.14 -syslibroot /Applications/Xcode.app/Contents/Developer/Platforms/MacOSX.platform/Developer/SDKs/MacOSX10.15.sdk -weak_reference_mismatches non-weak -o cmTC_03a1f -L/usr/local/Cellar/gcc/9.3.0/lib/gcc/9/gcc/x86_64-apple-darwin18/9.3.0 -L/usr/local/Cellar/gcc/9.3.0/lib/gcc/9/gcc/x86_64-apple-darwin18/9.3.0/../../.. -search_paths_first -headerpad_max_install_names -v CMakeFiles/cmTC_03a1f.dir/CMakeCXXCompilerABI.cpp.o -lstdc++ -lSystem -lgcc_ext.10.5 -lgcc -lSystem -no_compact_unwind -v
collect2 version 9.3.0
/usr/bin/ld -dynamic -arch x86_64 -macosx_version_min 10.14 -syslibroot /Applications/Xcode.app/Contents/Developer/Platforms/MacOSX.platform/Developer/SDKs/MacOSX10.15.sdk -weak_reference_mismatches non-weak -o cmTC_03a1f -L/usr/local/Cellar/gcc/9.3.0/lib/gcc/9/gcc/x86_64-apple-darwin18/9.3.0 -L/usr/local/Cellar/gcc/9.3.0/lib/gcc/9/gcc/x86_64-apple-darwin18/9.3.0/../../.. -search_paths_first -headerpad_max_install_names -v CMakeFiles/cmTC_03a1f.dir/CMakeCXXCompilerABI.cpp.o -lstdc++ -lSystem -lgcc_ext.10.5 -lgcc -lSystem -no_compact_unwind -v
@(#)PROGRAM:ld  PROJECT:ld64-530
BUILD 18:57:17 Dec 13 2019
configured to support archs: armv6 armv7 armv7s arm64 arm64e arm64_32 i386 x86_64 x86_64h armv6m armv7k armv7m armv7em
@(#)PROGRAM:ld  PROJECT:ld64-530
BUILD 18:57:17 Dec 13 2019
configured to support archs: armv6 armv7 armv7s arm64 arm64e arm64_32 i386 x86_64 x86_64h armv6m armv7k armv7m armv7em
Library search paths:
	/usr/local/Cellar/gcc/9.3.0/lib/gcc/9/gcc/x86_64-apple-darwin18/9.3.0
	/usr/local/Cellar/gcc/9.3.0/lib/gcc/9
	/Applications/Xcode.app/Contents/Developer/Platforms/MacOSX.platform/Developer/SDKs/MacOSX10.15.sdk/usr/lib
Framework search paths:
	/Applications/Xcode.app/Contents/Developer/Platforms/MacOSX.platform/Developer/SDKs/MacOSX10.15.sdk/System/Library/Frameworks/



Parsed CXX implicit include dir info from above output: rv=done
  found start of include info
  found start of implicit include info
    add: [/usr/local/Cellar/gcc/9.3.0/lib/gcc/9/gcc/x86_64-apple-darwin18/9.3.0/../../../../../../include/c++/9.3.0]
    add: [/usr/local/Cellar/gcc/9.3.0/lib/gcc/9/gcc/x86_64-apple-darwin18/9.3.0/../../../../../../include/c++/9.3.0/x86_64-apple-darwin18]
    add: [/usr/local/Cellar/gcc/9.3.0/lib/gcc/9/gcc/x86_64-apple-darwin18/9.3.0/../../../../../../include/c++/9.3.0/backward]
    add: [/usr/local/Cellar/gcc/9.3.0/lib/gcc/9/gcc/x86_64-apple-darwin18/9.3.0/include]
    add: [/usr/local/Cellar/gcc/9.3.0/lib/gcc/9/gcc/x86_64-apple-darwin18/9.3.0/include-fixed]
    add: [/Applications/Xcode.app/Contents/Developer/Platforms/MacOSX.platform/Developer/SDKs/MacOSX10.15.sdk/usr/include]
    add: [/Applications/Xcode.app/Contents/Developer/Platforms/MacOSX.platform/Developer/SDKs/MacOSX10.15.sdk/System/Library/Frameworks]
  end of search list found
  collapse include dir [/usr/local/Cellar/gcc/9.3.0/lib/gcc/9/gcc/x86_64-apple-darwin18/9.3.0/../../../../../../include/c++/9.3.0] ==> [/usr/local/Cellar/gcc/9.3.0/include/c++/9.3.0]
  collapse include dir [/usr/local/Cellar/gcc/9.3.0/lib/gcc/9/gcc/x86_64-apple-darwin18/9.3.0/../../../../../../include/c++/9.3.0/x86_64-apple-darwin18] ==> [/usr/local/Cellar/gcc/9.3.0/include/c++/9.3.0/x86_64-apple-darwin18]
  collapse include dir [/usr/local/Cellar/gcc/9.3.0/lib/gcc/9/gcc/x86_64-apple-darwin18/9.3.0/../../../../../../include/c++/9.3.0/backward] ==> [/usr/local/Cellar/gcc/9.3.0/include/c++/9.3.0/backward]
  collapse include dir [/usr/local/Cellar/gcc/9.3.0/lib/gcc/9/gcc/x86_64-apple-darwin18/9.3.0/include] ==> [/usr/local/Cellar/gcc/9.3.0/lib/gcc/9/gcc/x86_64-apple-darwin18/9.3.0/include]
  collapse include dir [/usr/local/Cellar/gcc/9.3.0/lib/gcc/9/gcc/x86_64-apple-darwin18/9.3.0/include-fixed] ==> [/usr/local/Cellar/gcc/9.3.0/lib/gcc/9/gcc/x86_64-apple-darwin18/9.3.0/include-fixed]
  collapse include dir [/Applications/Xcode.app/Contents/Developer/Platforms/MacOSX.platform/Developer/SDKs/MacOSX10.15.sdk/usr/include] ==> [/Applications/Xcode.app/Contents/Developer/Platforms/MacOSX.platform/Developer/SDKs/MacOSX10.15.sdk/usr/include]
  collapse include dir [/Applications/Xcode.app/Contents/Developer/Platforms/MacOSX.platform/Developer/SDKs/MacOSX10.15.sdk/System/Library/Frameworks] ==> [/Applications/Xcode.app/Contents/Developer/Platforms/MacOSX.platform/Developer/SDKs/MacOSX10.15.sdk/System/Library/Frameworks]
  implicit include dirs: [/usr/local/Cellar/gcc/9.3.0/include/c++/9.3.0;/usr/local/Cellar/gcc/9.3.0/include/c++/9.3.0/x86_64-apple-darwin18;/usr/local/Cellar/gcc/9.3.0/include/c++/9.3.0/backward;/usr/local/Cellar/gcc/9.3.0/lib/gcc/9/gcc/x86_64-apple-darwin18/9.3.0/include;/usr/local/Cellar/gcc/9.3.0/lib/gcc/9/gcc/x86_64-apple-darwin18/9.3.0/include-fixed;/Applications/Xcode.app/Contents/Developer/Platforms/MacOSX.platform/Developer/SDKs/MacOSX10.15.sdk/usr/include;/Applications/Xcode.app/Contents/Developer/Platforms/MacOSX.platform/Developer/SDKs/MacOSX10.15.sdk/System/Library/Frameworks]


Parsed CXX implicit link information from above output:
  link line regex: [^( *|.*[/\])(ld|CMAKE_LINK_STARTFILE-NOTFOUND|([^/\]+-)?ld|collect2)[^/\]*( |$)]
  ignore line: [Change Dir: /Users/yechentide/Documents/CPP/MinecraftTextModifier/cmake-build-debug/CMakeFiles/CMakeTmp]
  ignore line: []
  ignore line: [Run Build Command(s):/usr/bin/make cmTC_03a1f/fast && /Applications/Xcode.app/Contents/Developer/usr/bin/make -f CMakeFiles/cmTC_03a1f.dir/build.make CMakeFiles/cmTC_03a1f.dir/build]
  ignore line: [Building CXX object CMakeFiles/cmTC_03a1f.dir/CMakeCXXCompilerABI.cpp.o]
  ignore line: [/usr/local/bin/g++    -isysroot /Applications/Xcode.app/Contents/Developer/Platforms/MacOSX.platform/Developer/SDKs/MacOSX10.15.sdk -mmacosx-version-min=10.14   -v -Wl,-v -o CMakeFiles/cmTC_03a1f.dir/CMakeCXXCompilerABI.cpp.o -c "/Users/yechentide/Library/Application Support/JetBrains/Toolbox/apps/CLion/ch-0/193.6494.38/CLion.app/Contents/bin/cmake/mac/share/cmake-3.15/Modules/CMakeCXXCompilerABI.cpp"]
  ignore line: [Using built-in specs.]
  ignore line: [COLLECT_GCC=/usr/local/bin/g++]
  ignore line: [Target: x86_64-apple-darwin18]
  ignore line: [Configured with: ../configure --build=x86_64-apple-darwin18 --prefix=/usr/local/Cellar/gcc/9.3.0 --libdir=/usr/local/Cellar/gcc/9.3.0/lib/gcc/9 --disable-nls --enable-checking=release --enable-languages=c,c++,objc,obj-c++,fortran --program-suffix=-9 --with-gmp=/usr/local/opt/gmp --with-mpfr=/usr/local/opt/mpfr --with-mpc=/usr/local/opt/libmpc --with-isl=/usr/local/opt/isl --with-system-zlib --with-pkgversion='Homebrew GCC 9.3.0' --with-bugurl=https://github.com/Homebrew/homebrew-core/issues --disable-multilib --with-native-system-header-dir=/usr/include --with-sysroot=/Library/Developer/CommandLineTools/SDKs/MacOSX10.14.sdk]
  ignore line: [Thread model: posix]
  ignore line: [gcc version 9.3.0 (Homebrew GCC 9.3.0) ]
  ignore line: [COLLECT_GCC_OPTIONS='-isysroot' '/Applications/Xcode.app/Contents/Developer/Platforms/MacOSX.platform/Developer/SDKs/MacOSX10.15.sdk' '-v' '-o' 'CMakeFiles/cmTC_03a1f.dir/CMakeCXXCompilerABI.cpp.o' '-c' '-mmacosx-version-min=10.14' '-asm_macosx_version_min=10.14' '-shared-libgcc' '-mtune=core2']
  ignore line: [ /usr/local/Cellar/gcc/9.3.0/libexec/gcc/x86_64-apple-darwin18/9.3.0/cc1plus -quiet -v -D__DYNAMIC__ -isysroot /Applications/Xcode.app/Contents/Developer/Platforms/MacOSX.platform/Developer/SDKs/MacOSX10.15.sdk /Users/yechentide/Library/Application Support/JetBrains/Toolbox/apps/CLion/ch-0/193.6494.38/CLion.app/Contents/bin/cmake/mac/share/cmake-3.15/Modules/CMakeCXXCompilerABI.cpp -fPIC -quiet -dumpbase CMakeCXXCompilerABI.cpp -mmacosx-version-min=10.14 -mtune=core2 -auxbase-strip CMakeFiles/cmTC_03a1f.dir/CMakeCXXCompilerABI.cpp.o -version -o /var/folders/3p/9qqz9zc11zn7bf3g0jkmxnb80000gn/T//ccTB51Ro.s]
  ignore line: [GNU C++14 (Homebrew GCC 9.3.0) version 9.3.0 (x86_64-apple-darwin18)]
  ignore line: [	compiled by GNU C version 9.3.0, GMP version 6.2.0, MPFR version 4.0.2, MPC version 1.1.0, isl version isl-0.22.1-GMP]
  ignore line: []
  ignore line: [GGC heuristics: --param ggc-min-expand=100 --param ggc-min-heapsize=131072]
  ignore line: [ignoring nonexistent directory "/Applications/Xcode.app/Contents/Developer/Platforms/MacOSX.platform/Developer/SDKs/MacOSX10.15.sdk/usr/local/include"]
  ignore line: [ignoring nonexistent directory "/usr/local/Cellar/gcc/9.3.0/lib/gcc/9/gcc/x86_64-apple-darwin18/9.3.0/../../../../../../x86_64-apple-darwin18/include"]
  ignore line: [ignoring nonexistent directory "/Applications/Xcode.app/Contents/Developer/Platforms/MacOSX.platform/Developer/SDKs/MacOSX10.15.sdk/Library/Frameworks"]
  ignore line: [#include "..." search starts here:]
  ignore line: [#include <...> search starts here:]
  ignore line: [ /usr/local/Cellar/gcc/9.3.0/lib/gcc/9/gcc/x86_64-apple-darwin18/9.3.0/../../../../../../include/c++/9.3.0]
  ignore line: [ /usr/local/Cellar/gcc/9.3.0/lib/gcc/9/gcc/x86_64-apple-darwin18/9.3.0/../../../../../../include/c++/9.3.0/x86_64-apple-darwin18]
  ignore line: [ /usr/local/Cellar/gcc/9.3.0/lib/gcc/9/gcc/x86_64-apple-darwin18/9.3.0/../../../../../../include/c++/9.3.0/backward]
  ignore line: [ /usr/local/Cellar/gcc/9.3.0/lib/gcc/9/gcc/x86_64-apple-darwin18/9.3.0/include]
  ignore line: [ /usr/local/Cellar/gcc/9.3.0/lib/gcc/9/gcc/x86_64-apple-darwin18/9.3.0/include-fixed]
  ignore line: [ /Applications/Xcode.app/Contents/Developer/Platforms/MacOSX.platform/Developer/SDKs/MacOSX10.15.sdk/usr/include]
  ignore line: [ /Applications/Xcode.app/Contents/Developer/Platforms/MacOSX.platform/Developer/SDKs/MacOSX10.15.sdk/System/Library/Frameworks]
  ignore line: [End of search list.]
  ignore line: [GNU C++14 (Homebrew GCC 9.3.0) version 9.3.0 (x86_64-apple-darwin18)]
  ignore line: [	compiled by GNU C version 9.3.0, GMP version 6.2.0, MPFR version 4.0.2, MPC version 1.1.0, isl version isl-0.22.1-GMP]
  ignore line: []
  ignore line: [GGC heuristics: --param ggc-min-expand=100 --param ggc-min-heapsize=131072]
  ignore line: [Compiler executable checksum: 3b76ad7185f12a222e70aceba32be0f8]
  ignore line: [COLLECT_GCC_OPTIONS='-isysroot' '/Applications/Xcode.app/Contents/Developer/Platforms/MacOSX.platform/Developer/SDKs/MacOSX10.15.sdk' '-v' '-o' 'CMakeFiles/cmTC_03a1f.dir/CMakeCXXCompilerABI.cpp.o' '-c' '-mmacosx-version-min=10.14'  '-shared-libgcc' '-mtune=core2']
  ignore line: [ as -arch x86_64 -v -force_cpusubtype_ALL -mmacosx-version-min=10.14 -o CMakeFiles/cmTC_03a1f.dir/CMakeCXXCompilerABI.cpp.o /var/folders/3p/9qqz9zc11zn7bf3g0jkmxnb80000gn/T//ccTB51Ro.s]
  ignore line: [Apple clang version 11.0.0 (clang-1100.0.33.17)]
  ignore line: [Target: x86_64-apple-darwin18.7.0]
  ignore line: [Thread model: posix]
  ignore line: [InstalledDir: /Applications/Xcode.app/Contents/Developer/Toolchains/XcodeDefault.xctoolchain/usr/bin]
  ignore line: [ "/Applications/Xcode.app/Contents/Developer/Toolchains/XcodeDefault.xctoolchain/usr/bin/clang" -cc1as -triple x86_64-apple-macosx10.14.0 -filetype obj -main-file-name ccTB51Ro.s -target-cpu penryn -fdebug-compilation-dir /Users/yechentide/Documents/CPP/MinecraftTextModifier/cmake-build-debug/CMakeFiles/CMakeTmp -dwarf-debug-producer Apple clang version 11.0.0 (clang-1100.0.33.17) -dwarf-version=4 -mrelocation-model pic -o CMakeFiles/cmTC_03a1f.dir/CMakeCXXCompilerABI.cpp.o /var/folders/3p/9qqz9zc11zn7bf3g0jkmxnb80000gn/T//ccTB51Ro.s]
  ignore line: [COMPILER_PATH=/usr/local/Cellar/gcc/9.3.0/libexec/gcc/x86_64-apple-darwin18/9.3.0/:/usr/local/Cellar/gcc/9.3.0/libexec/gcc/x86_64-apple-darwin18/9.3.0/:/usr/local/Cellar/gcc/9.3.0/libexec/gcc/x86_64-apple-darwin18/:/usr/local/Cellar/gcc/9.3.0/lib/gcc/9/gcc/x86_64-apple-darwin18/9.3.0/:/usr/local/Cellar/gcc/9.3.0/lib/gcc/9/gcc/x86_64-apple-darwin18/]
  ignore line: [LIBRARY_PATH=/usr/local/Cellar/gcc/9.3.0/lib/gcc/9/gcc/x86_64-apple-darwin18/9.3.0/:/usr/local/Cellar/gcc/9.3.0/lib/gcc/9/gcc/x86_64-apple-darwin18/9.3.0/../../../]
  ignore line: [COLLECT_GCC_OPTIONS='-isysroot' '/Applications/Xcode.app/Contents/Developer/Platforms/MacOSX.platform/Developer/SDKs/MacOSX10.15.sdk' '-v' '-o' 'CMakeFiles/cmTC_03a1f.dir/CMakeCXXCompilerABI.cpp.o' '-c' '-mmacosx-version-min=10.14'  '-shared-libgcc' '-mtune=core2']
  ignore line: [Linking CXX executable cmTC_03a1f]
  ignore line: ["/Users/yechentide/Library/Application Support/JetBrains/Toolbox/apps/CLion/ch-0/193.6494.38/CLion.app/Contents/bin/cmake/mac/bin/cmake" -E cmake_link_script CMakeFiles/cmTC_03a1f.dir/link.txt --verbose=1]
  ignore line: [/usr/local/bin/g++    -isysroot /Applications/Xcode.app/Contents/Developer/Platforms/MacOSX.platform/Developer/SDKs/MacOSX10.15.sdk -mmacosx-version-min=10.14 -Wl,-search_paths_first -Wl,-headerpad_max_install_names  -v -Wl,-v CMakeFiles/cmTC_03a1f.dir/CMakeCXXCompilerABI.cpp.o  -o cmTC_03a1f ]
  ignore line: [Using built-in specs.]
  ignore line: [COLLECT_GCC=/usr/local/bin/g++]
  ignore line: [COLLECT_LTO_WRAPPER=/usr/local/Cellar/gcc/9.3.0/libexec/gcc/x86_64-apple-darwin18/9.3.0/lto-wrapper]
  ignore line: [Target: x86_64-apple-darwin18]
  ignore line: [Configured with: ../configure --build=x86_64-apple-darwin18 --prefix=/usr/local/Cellar/gcc/9.3.0 --libdir=/usr/local/Cellar/gcc/9.3.0/lib/gcc/9 --disable-nls --enable-checking=release --enable-languages=c,c++,objc,obj-c++,fortran --program-suffix=-9 --with-gmp=/usr/local/opt/gmp --with-mpfr=/usr/local/opt/mpfr --with-mpc=/usr/local/opt/libmpc --with-isl=/usr/local/opt/isl --with-system-zlib --with-pkgversion='Homebrew GCC 9.3.0' --with-bugurl=https://github.com/Homebrew/homebrew-core/issues --disable-multilib --with-native-system-header-dir=/usr/include --with-sysroot=/Library/Developer/CommandLineTools/SDKs/MacOSX10.14.sdk]
  ignore line: [Thread model: posix]
  ignore line: [gcc version 9.3.0 (Homebrew GCC 9.3.0) ]
  ignore line: [COMPILER_PATH=/usr/local/Cellar/gcc/9.3.0/libexec/gcc/x86_64-apple-darwin18/9.3.0/:/usr/local/Cellar/gcc/9.3.0/libexec/gcc/x86_64-apple-darwin18/9.3.0/:/usr/local/Cellar/gcc/9.3.0/libexec/gcc/x86_64-apple-darwin18/:/usr/local/Cellar/gcc/9.3.0/lib/gcc/9/gcc/x86_64-apple-darwin18/9.3.0/:/usr/local/Cellar/gcc/9.3.0/lib/gcc/9/gcc/x86_64-apple-darwin18/]
  ignore line: [LIBRARY_PATH=/usr/local/Cellar/gcc/9.3.0/lib/gcc/9/gcc/x86_64-apple-darwin18/9.3.0/:/usr/local/Cellar/gcc/9.3.0/lib/gcc/9/gcc/x86_64-apple-darwin18/9.3.0/../../../]
  ignore line: [COLLECT_GCC_OPTIONS='-isysroot' '/Applications/Xcode.app/Contents/Developer/Platforms/MacOSX.platform/Developer/SDKs/MacOSX10.15.sdk' '-v' '-o' 'cmTC_03a1f' '-mmacosx-version-min=10.14' '-asm_macosx_version_min=10.14' '-shared-libgcc' '-mtune=core2']
  link line: [ /usr/local/Cellar/gcc/9.3.0/libexec/gcc/x86_64-apple-darwin18/9.3.0/collect2 -dynamic -arch x86_64 -macosx_version_min 10.14 -syslibroot /Applications/Xcode.app/Contents/Developer/Platforms/MacOSX.platform/Developer/SDKs/MacOSX10.15.sdk -weak_reference_mismatches non-weak -o cmTC_03a1f -L/usr/local/Cellar/gcc/9.3.0/lib/gcc/9/gcc/x86_64-apple-darwin18/9.3.0 -L/usr/local/Cellar/gcc/9.3.0/lib/gcc/9/gcc/x86_64-apple-darwin18/9.3.0/../../.. -search_paths_first -headerpad_max_install_names -v CMakeFiles/cmTC_03a1f.dir/CMakeCXXCompilerABI.cpp.o -lstdc++ -lSystem -lgcc_ext.10.5 -lgcc -lSystem -no_compact_unwind -v]
    arg [/usr/local/Cellar/gcc/9.3.0/libexec/gcc/x86_64-apple-darwin18/9.3.0/collect2] ==> ignore
    arg [-dynamic] ==> ignore
    arg [-arch] ==> ignore
    arg [x86_64] ==> ignore
    arg [-macosx_version_min] ==> ignore
    arg [10.14] ==> ignore
    arg [-syslibroot] ==> ignore
    arg [/Applications/Xcode.app/Contents/Developer/Platforms/MacOSX.platform/Developer/SDKs/MacOSX10.15.sdk] ==> ignore
    arg [-weak_reference_mismatches] ==> ignore
    arg [non-weak] ==> ignore
    arg [-o] ==> ignore
    arg [cmTC_03a1f] ==> ignore
    arg [-L/usr/local/Cellar/gcc/9.3.0/lib/gcc/9/gcc/x86_64-apple-darwin18/9.3.0] ==> dir [/usr/local/Cellar/gcc/9.3.0/lib/gcc/9/gcc/x86_64-apple-darwin18/9.3.0]
    arg [-L/usr/local/Cellar/gcc/9.3.0/lib/gcc/9/gcc/x86_64-apple-darwin18/9.3.0/../../..] ==> dir [/usr/local/Cellar/gcc/9.3.0/lib/gcc/9/gcc/x86_64-apple-darwin18/9.3.0/../../..]
    arg [-search_paths_first] ==> ignore
    arg [-headerpad_max_install_names] ==> ignore
    arg [-v] ==> ignore
    arg [CMakeFiles/cmTC_03a1f.dir/CMakeCXXCompilerABI.cpp.o] ==> ignore
    arg [-lstdc++] ==> lib [stdc++]
    arg [-lSystem] ==> lib [System]
    arg [-lgcc_ext.10.5] ==> lib [gcc_ext.10.5]
    arg [-lgcc] ==> lib [gcc]
    arg [-lSystem] ==> lib [System]
    arg [-no_compact_unwind] ==> ignore
    arg [-v] ==> ignore
  Library search paths: [;/usr/local/Cellar/gcc/9.3.0/lib/gcc/9/gcc/x86_64-apple-darwin18/9.3.0;/usr/local/Cellar/gcc/9.3.0/lib/gcc/9;/Applications/Xcode.app/Contents/Developer/Platforms/MacOSX.platform/Developer/SDKs/MacOSX10.15.sdk/usr/lib]
  Framework search paths: [;/Applications/Xcode.app/Contents/Developer/Platforms/MacOSX.platform/Developer/SDKs/MacOSX10.15.sdk/System/Library/Frameworks/]
  remove lib [System]
  remove lib [System]
  collapse library dir [/usr/local/Cellar/gcc/9.3.0/lib/gcc/9/gcc/x86_64-apple-darwin18/9.3.0] ==> [/usr/local/Cellar/gcc/9.3.0/lib/gcc/9/gcc/x86_64-apple-darwin18/9.3.0]
  collapse library dir [/usr/local/Cellar/gcc/9.3.0/lib/gcc/9/gcc/x86_64-apple-darwin18/9.3.0/../../..] ==> [/usr/local/Cellar/gcc/9.3.0/lib/gcc/9]
  collapse library dir [/usr/local/Cellar/gcc/9.3.0/lib/gcc/9/gcc/x86_64-apple-darwin18/9.3.0] ==> [/usr/local/Cellar/gcc/9.3.0/lib/gcc/9/gcc/x86_64-apple-darwin18/9.3.0]
  collapse library dir [/usr/local/Cellar/gcc/9.3.0/lib/gcc/9] ==> [/usr/local/Cellar/gcc/9.3.0/lib/gcc/9]
  collapse library dir [/Applications/Xcode.app/Contents/Developer/Platforms/MacOSX.platform/Developer/SDKs/MacOSX10.15.sdk/usr/lib] ==> [/Applications/Xcode.app/Contents/Developer/Platforms/MacOSX.platform/Developer/SDKs/MacOSX10.15.sdk/usr/lib]
  collapse framework dir [/Applications/Xcode.app/Contents/Developer/Platforms/MacOSX.platform/Developer/SDKs/MacOSX10.15.sdk/System/Library/Frameworks/] ==> [/Applications/Xcode.app/Contents/Developer/Platforms/MacOSX.platform/Developer/SDKs/MacOSX10.15.sdk/System/Library/Frameworks]
  implicit libs: [stdc++;gcc_ext.10.5;gcc]
  implicit dirs: [/usr/local/Cellar/gcc/9.3.0/lib/gcc/9/gcc/x86_64-apple-darwin18/9.3.0;/usr/local/Cellar/gcc/9.3.0/lib/gcc/9;/Applications/Xcode.app/Contents/Developer/Platforms/MacOSX.platform/Developer/SDKs/MacOSX10.15.sdk/usr/lib]
  implicit fwks: [/Applications/Xcode.app/Contents/Developer/Platforms/MacOSX.platform/Developer/SDKs/MacOSX10.15.sdk/System/Library/Frameworks]


